{"message":"/","level":"info"}
{"message":"/api/user/all","level":"info"}
{"message":"Get all users - url:/all","level":"info"}
{"message":"/api/user/alls","level":"info"}
{"message":"Tried to fetch alls","level":"info"}
{"message":"/api/user/allx","level":"info"}
{"message":"Tried to fetch allx","level":"info"}
{"message":"/api/useff","level":"info"}
{"message":"/api/user/all","level":"info"}
{"message":"Get all users - url:/all","level":"info"}
{"message":"/api/blog/addBlog","level":"info"}
{"message":"/api/blog/likeBlog","level":"info"}
{"message":"/api/user","level":"info"}
{"message":"/api/user/login","level":"info"}
{"message":"/api/user/all","level":"info"}
{"message":"Get all users - url:/all","level":"info"}
{"message":"/api/user/Perlt11","level":"info"}
{"message":"Tried to fetch Perlt11","level":"info"}
{"message":"/api/user","level":"info"}
{"message":"/api/user/job","level":"info"}
{"message":"/api/user/all","level":"info"}
{"message":"Get all users - url:/all","level":"info"}
{"message":"/api/user/all","level":"info"}
{"message":"Get all users - url:/all","level":"info"}
{"message":"/api/blog/addBlog","level":"info"}
{"message":"/api/blog/likeBlog","level":"info"}
{"message":"/api/user","level":"info"}
{"message":"/api/user/login","level":"info"}
{"message":"/api/user/all","level":"info"}
{"message":"Get all users - url:/all","level":"info"}
{"message":"/api/user/Perlt11","level":"info"}
{"message":"Tried to fetch Perlt11","level":"info"}
{"message":"/api/user","level":"info"}
{"message":"/api/user/job","level":"info"}
{"message":"/api/user/all","level":"info"}
{"message":"Get all users - url:/all","level":"info"}
{"message":"/api/user/all","level":"info"}
{"message":"Get all users - url:/all","level":"info"}
{"message":"/api/user/all","level":"info"}
{"message":"Get all users - url:/all","level":"info"}
{"message":"/api/user/all","level":"info"}
{"message":"Get all users - url:/all","level":"info"}
{"message":"/api/user/all","level":"info"}
{"message":"Get all users - url:/all","level":"info"}
{"message":"/api/user/all","level":"info"}
{"message":"Get all users - url:/all","level":"info"}
{"message":"/api/users/all","level":"info"}
{"message":"/api/user/all","level":"info"}
{"message":"Get all users - url:/all","level":"info"}
{"message":"/api/blog/addBlog","level":"info"}
{"message":"/api/blog/likeBlog","level":"info"}
{"message":"/api/user","level":"info"}
{"message":"/api/user/login","level":"info"}
{"message":"/api/user/all","level":"info"}
{"message":"Get all users - url:/all","level":"info"}
{"message":"/api/user/Perlt11","level":"info"}
{"message":"Tried to fetch Perlt11","level":"info"}
{"message":"/api/user","level":"info"}
{"message":"/api/user/job","level":"info"}
{"message":"/api/user/all","level":"info"}
{"message":"Get all users - url:/all","level":"info"}
{"message":"/api/user/all","level":"info"}
{"message":"Get all users - url:/all","level":"info"}
{"message":"/graphql","level":"info"}
{"message":"/graphql","level":"info"}
{"message":"/api/blog/addBlog","level":"info"}
{"message":"/api/blog/likeBlog","level":"info"}
{"message":"/api/user","level":"info"}
{"message":"/api/user/login","level":"info"}
{"message":"/api/user/all","level":"info"}
{"message":"Get all users - url:/all","level":"info"}
{"message":"/api/user/Perlt11","level":"info"}
{"message":"Tried to fetch Perlt11","level":"info"}
{"message":"/api/user","level":"info"}
{"message":"/api/user/job","level":"info"}
